<html>
<head>
<title>TestNG:  HOMEPAGETEST</title>
<link href="../testng.css" rel="stylesheet" type="text/css" />
<link href="../my-testng.css" rel="stylesheet" type="text/css" />

<style type="text/css">
.log { display: none;} 
.stack-trace { display: none;} 
</style>
<script type="text/javascript">
<!--
function flip(e) {
  current = e.style.display;
  if (current == 'block') {
    e.style.display = 'none';
    return 0;
  }
  else {
    e.style.display = 'block';
    return 1;
  }
}

function toggleBox(szDivId, elem, msg1, msg2)
{
  var res = -1;  if (document.getElementById) {
    res = flip(document.getElementById(szDivId));
  }
  else if (document.all) {
    // this is the way old msie versions work
    res = flip(document.all[szDivId]);
  }
  if(elem) {
    if(res == 0) elem.innerHTML = msg1; else elem.innerHTML = msg2;
  }

}

function toggleAllBoxes() {
  if (document.getElementsByTagName) {
    d = document.getElementsByTagName('div');
    for (i = 0; i < d.length; i++) {
      if (d[i].className == 'log') {
        flip(d[i]);
      }
    }
  }
}

// -->
</script>

</head>
<body>
<h2 align='center'>HOMEPAGETEST</h2><table border='1' align="center">
<tr>
<td>Tests passed/Failed/Skipped:</td><td>1/0/2</td>
</tr><tr>
<td>Started on:</td><td>Sat Aug 03 17:35:31 IST 2019</td>
</tr>
<tr><td>Total time:</td><td>140 seconds (140213 ms)</td>
</tr><tr>
<td>Included groups:</td><td></td>
</tr><tr>
<td>Excluded groups:</td><td></td>
</tr>
</table><p/>
<small><i>(Hover the method name to see the test class name)</i></small><p/>
<table width='100%' border='1' class='invocation-failed'>
<tr><td colspan='4' align='center'><b>FAILED CONFIGURATIONS</b></td></tr>
<tr><td><b>Test method</b></td>
<td width="30%"><b>Exception</b></td>
<td width="10%"><b>Time (seconds)</b></td>
<td><b>Instance</b></td>
</tr>
<tr>
<td title='com.kambaa.govt_environment.PagesTest.HomepageTest.setup()'><b>setup</b><br>Test class: com.kambaa.govt_environment.PagesTest.HomepageTest</td>
<td><div><pre>org.openqa.selenium.SessionNotCreatedException: session not created
from disconnected: received Inspector.detached event
  (Session info: chrome=76.0.3809.87)
Build info: version: &apos;3.141.59&apos;, revision: &apos;e82be7d358&apos;, time: &apos;2018-11-14T08:17:03&apos;
System info: host: &apos;KI-DW-ANAND&apos;, ip: &apos;192.168.2.19&apos;, os.name: &apos;Windows 10&apos;, os.arch: &apos;amd64&apos;, os.version: &apos;10.0&apos;, java.version: &apos;1.8.0_191&apos;
Driver info: driver.version: ChromeDriver
remote stacktrace: Backtrace:
	Ordinal0 [0x00EB7DF3+1474035]
	Ordinal0 [0x00E307D1+919505]
	Ordinal0 [0x00DCCB43+510787]
	Ordinal0 [0x00DC4243+475715]
	Ordinal0 [0x00DC3F46+474950]
	Ordinal0 [0x00DC3C72+474226]
	Ordinal0 [0x00DC3241+471617]
	Ordinal0 [0x00DC2DD9+470489]
	Ordinal0 [0x00DC2D95+470421]
	Ordinal0 [0x00DCB526+505126]
	Ordinal0 [0x00DC2D52+470354]
	Ordinal0 [0x00DC389F+473247]
	Ordinal0 [0x00DC3241+471617]
	Ordinal0 [0x00DC2DD9+470489]
	Ordinal0 [0x00DC2D95+470421]
	Ordinal0 [0x00DC9A31+498225]
	Ordinal0 [0x00DC2D52+470354]
	Ordinal0 [0x00DC389F+473247]
	Ordinal0 [0x00DC3241+471617]
	Ordinal0 [0x00DC2DD9+470489]
	Ordinal0 [0x00DC2D95+470421]
	Ordinal0 [0x00DC7F30+491312]
	Ordinal0 [0x00DC2D52+470354]
	Ordinal0 [0x00DC389F+473247]
	Ordinal0 [0x00DC3241+471617]
	Ordinal0 [0x00DC2DD9+470489]
	Ordinal0 [0x00DC2D95+470421]
	Ordinal0 [0x00DC714F+487759]
	Ordinal0 [0x00DC2D52+470354]
	Ordinal0 [0x00DC389F+473247]
	Ordinal0 [0x00DC3241+471617]
	Ordinal0 [0x00DC2DD9+470489]
	Ordinal0 [0x00DC2D95+470421]
	Ordinal0 [0x00DBF854+456788]
	Ordinal0 [0x00DC2D52+470354]
	Ordinal0 [0x00DC2BEE+469998]
	Ordinal0 [0x00DCD7F0+514032]
	Ordinal0 [0x00D815EA+202218]
	Ordinal0 [0x00D8069D+198301]
	Ordinal0 [0x00D7EECB+192203]
	Ordinal0 [0x00D65FF6+90102]
	Ordinal0 [0x00D6765A+95834]
	Ordinal0 [0x00D67554+95572]
	GetHandleVerifier [0x0101231C+1249612]
	GetHandleVerifier [0x00F61575+525221]
	GetHandleVerifier [0x00F61310+524608]
	Ordinal0 [0x00EC5D28+1531176]
	GetHandleVerifier [0x00F61D4A+527226]
	Ordinal0 [0x00E475F6+1013238]
	Ordinal0 [0x00E4746F+1012847]
	Ordinal0 [0x00E5365B+1062491]
	Ordinal0 [0x00E5379F+1062815]
	Ordinal0 [0x00E52745+1058629]
	BaseThreadInitThunk [0x76248494+36]
	RtlAreBitsSet [0x770941C8+136]
	RtlAreBitsSet [0x77094198+88]

	at org.openqa.selenium.remote.W3CHandshakeResponse.lambda$errorHandler$0(W3CHandshakeResponse.java:62)
	at org.openqa.selenium.remote.HandshakeResponse.lambda$getResponseFunction$0(HandshakeResponse.java:30)
	at org.openqa.selenium.remote.ProtocolHandshake.lambda$createSession$0(ProtocolHandshake.java:126)
	at java.util.stream.ReferencePipeline$3$1.accept(ReferencePipeline.java:193)
	at java.util.Spliterators$ArraySpliterator.tryAdvance(Spliterators.java:958)
	at java.util.stream.ReferencePipeline.forEachWithCancel(ReferencePipeline.java:126)
	at java.util.stream.AbstractPipeline.copyIntoWithCancel(AbstractPipeline.java:498)
	at java.util.stream.AbstractPipeline.copyInto(AbstractPipeline.java:485)
	at java.util.stream.AbstractPipeline.wrapAndCopyInto(AbstractPipeline.java:471)
	at java.util.stream.FindOps$FindOp.evaluateSequential(FindOps.java:152)
	at java.util.stream.AbstractPipeline.evaluate(AbstractPipeline.java:234)
	at java.util.stream.ReferencePipeline.findFirst(ReferencePipeline.java:464)
	at org.openqa.selenium.remote.ProtocolHandshake.createSession(ProtocolHandshake.java:128)
	at org.openqa.selenium.remote.ProtocolHandshake.createSession(ProtocolHandshake.java:74)
	at org.openqa.selenium.remote.HttpCommandExecutor.execute(HttpCommandExecutor.java:136)
	at org.openqa.selenium.remote.service.DriverCommandExecutor.execute(DriverCommandExecutor.java:83)
	at org.openqa.selenium.remote.RemoteWebDriver.execute(RemoteWebDriver.java:552)
	at org.openqa.selenium.remote.RemoteWebDriver.startSession(RemoteWebDriver.java:213)
	at org.openqa.selenium.remote.RemoteWebDriver.&lt;init&gt;(RemoteWebDriver.java:131)
	at org.openqa.selenium.chrome.ChromeDriver.&lt;init&gt;(ChromeDriver.java:181)
	at org.openqa.selenium.chrome.ChromeDriver.&lt;init&gt;(ChromeDriver.java:168)
	at org.openqa.selenium.chrome.ChromeDriver.&lt;init&gt;(ChromeDriver.java:123)
	at com.kambaa.govt_environment.Pages.TestBase.initialize(TestBase.java:33)
	at com.kambaa.govt_environment.PagesTest.HomepageTest.setup(HomepageTest.java:18)
... Removed 30 stack frames</pre></div><a href='#' onClick='toggleBox("stack-trace809300666", this, "Click to show all stack frames", "Click to hide stack frames")'>Click to show all stack frames</a>
<div class='stack-trace' id='stack-trace809300666'><pre>org.openqa.selenium.SessionNotCreatedException: session not created
from disconnected: received Inspector.detached event
  (Session info: chrome=76.0.3809.87)
Build info: version: &apos;3.141.59&apos;, revision: &apos;e82be7d358&apos;, time: &apos;2018-11-14T08:17:03&apos;
System info: host: &apos;KI-DW-ANAND&apos;, ip: &apos;192.168.2.19&apos;, os.name: &apos;Windows 10&apos;, os.arch: &apos;amd64&apos;, os.version: &apos;10.0&apos;, java.version: &apos;1.8.0_191&apos;
Driver info: driver.version: ChromeDriver
remote stacktrace: Backtrace:
	Ordinal0 [0x00EB7DF3+1474035]
	Ordinal0 [0x00E307D1+919505]
	Ordinal0 [0x00DCCB43+510787]
	Ordinal0 [0x00DC4243+475715]
	Ordinal0 [0x00DC3F46+474950]
	Ordinal0 [0x00DC3C72+474226]
	Ordinal0 [0x00DC3241+471617]
	Ordinal0 [0x00DC2DD9+470489]
	Ordinal0 [0x00DC2D95+470421]
	Ordinal0 [0x00DCB526+505126]
	Ordinal0 [0x00DC2D52+470354]
	Ordinal0 [0x00DC389F+473247]
	Ordinal0 [0x00DC3241+471617]
	Ordinal0 [0x00DC2DD9+470489]
	Ordinal0 [0x00DC2D95+470421]
	Ordinal0 [0x00DC9A31+498225]
	Ordinal0 [0x00DC2D52+470354]
	Ordinal0 [0x00DC389F+473247]
	Ordinal0 [0x00DC3241+471617]
	Ordinal0 [0x00DC2DD9+470489]
	Ordinal0 [0x00DC2D95+470421]
	Ordinal0 [0x00DC7F30+491312]
	Ordinal0 [0x00DC2D52+470354]
	Ordinal0 [0x00DC389F+473247]
	Ordinal0 [0x00DC3241+471617]
	Ordinal0 [0x00DC2DD9+470489]
	Ordinal0 [0x00DC2D95+470421]
	Ordinal0 [0x00DC714F+487759]
	Ordinal0 [0x00DC2D52+470354]
	Ordinal0 [0x00DC389F+473247]
	Ordinal0 [0x00DC3241+471617]
	Ordinal0 [0x00DC2DD9+470489]
	Ordinal0 [0x00DC2D95+470421]
	Ordinal0 [0x00DBF854+456788]
	Ordinal0 [0x00DC2D52+470354]
	Ordinal0 [0x00DC2BEE+469998]
	Ordinal0 [0x00DCD7F0+514032]
	Ordinal0 [0x00D815EA+202218]
	Ordinal0 [0x00D8069D+198301]
	Ordinal0 [0x00D7EECB+192203]
	Ordinal0 [0x00D65FF6+90102]
	Ordinal0 [0x00D6765A+95834]
	Ordinal0 [0x00D67554+95572]
	GetHandleVerifier [0x0101231C+1249612]
	GetHandleVerifier [0x00F61575+525221]
	GetHandleVerifier [0x00F61310+524608]
	Ordinal0 [0x00EC5D28+1531176]
	GetHandleVerifier [0x00F61D4A+527226]
	Ordinal0 [0x00E475F6+1013238]
	Ordinal0 [0x00E4746F+1012847]
	Ordinal0 [0x00E5365B+1062491]
	Ordinal0 [0x00E5379F+1062815]
	Ordinal0 [0x00E52745+1058629]
	BaseThreadInitThunk [0x76248494+36]
	RtlAreBitsSet [0x770941C8+136]
	RtlAreBitsSet [0x77094198+88]

	at sun.reflect.NativeConstructorAccessorImpl.newInstance0(Native Method)
	at sun.reflect.NativeConstructorAccessorImpl.newInstance(NativeConstructorAccessorImpl.java:62)
	at sun.reflect.DelegatingConstructorAccessorImpl.newInstance(DelegatingConstructorAccessorImpl.java:45)
	at java.lang.reflect.Constructor.newInstance(Constructor.java:423)
	at org.openqa.selenium.remote.W3CHandshakeResponse.lambda$errorHandler$0(W3CHandshakeResponse.java:62)
	at org.openqa.selenium.remote.HandshakeResponse.lambda$getResponseFunction$0(HandshakeResponse.java:30)
	at org.openqa.selenium.remote.ProtocolHandshake.lambda$createSession$0(ProtocolHandshake.java:126)
	at java.util.stream.ReferencePipeline$3$1.accept(ReferencePipeline.java:193)
	at java.util.Spliterators$ArraySpliterator.tryAdvance(Spliterators.java:958)
	at java.util.stream.ReferencePipeline.forEachWithCancel(ReferencePipeline.java:126)
	at java.util.stream.AbstractPipeline.copyIntoWithCancel(AbstractPipeline.java:498)
	at java.util.stream.AbstractPipeline.copyInto(AbstractPipeline.java:485)
	at java.util.stream.AbstractPipeline.wrapAndCopyInto(AbstractPipeline.java:471)
	at java.util.stream.FindOps$FindOp.evaluateSequential(FindOps.java:152)
	at java.util.stream.AbstractPipeline.evaluate(AbstractPipeline.java:234)
	at java.util.stream.ReferencePipeline.findFirst(ReferencePipeline.java:464)
	at org.openqa.selenium.remote.ProtocolHandshake.createSession(ProtocolHandshake.java:128)
	at org.openqa.selenium.remote.ProtocolHandshake.createSession(ProtocolHandshake.java:74)
	at org.openqa.selenium.remote.HttpCommandExecutor.execute(HttpCommandExecutor.java:136)
	at org.openqa.selenium.remote.service.DriverCommandExecutor.execute(DriverCommandExecutor.java:83)
	at org.openqa.selenium.remote.RemoteWebDriver.execute(RemoteWebDriver.java:552)
	at org.openqa.selenium.remote.RemoteWebDriver.startSession(RemoteWebDriver.java:213)
	at org.openqa.selenium.remote.RemoteWebDriver.&lt;init&gt;(RemoteWebDriver.java:131)
	at org.openqa.selenium.chrome.ChromeDriver.&lt;init&gt;(ChromeDriver.java:181)
	at org.openqa.selenium.chrome.ChromeDriver.&lt;init&gt;(ChromeDriver.java:168)
	at org.openqa.selenium.chrome.ChromeDriver.&lt;init&gt;(ChromeDriver.java:123)
	at com.kambaa.govt_environment.Pages.TestBase.initialize(TestBase.java:33)
	at com.kambaa.govt_environment.PagesTest.HomepageTest.setup(HomepageTest.java:18)
	at sun.reflect.NativeMethodAccessorImpl.invoke0(Native Method)
	at sun.reflect.NativeMethodAccessorImpl.invoke(NativeMethodAccessorImpl.java:62)
	at sun.reflect.DelegatingMethodAccessorImpl.invoke(DelegatingMethodAccessorImpl.java:43)
	at java.lang.reflect.Method.invoke(Method.java:498)
	at org.testng.internal.MethodInvocationHelper.invokeMethod(MethodInvocationHelper.java:86)
	at org.testng.internal.Invoker.invokeConfigurationMethod(Invoker.java:514)
	at org.testng.internal.Invoker.invokeConfigurations(Invoker.java:215)
	at org.testng.internal.Invoker.invokeMethod(Invoker.java:589)
	at org.testng.internal.Invoker.invokeTestMethod(Invoker.java:822)
	at org.testng.internal.Invoker.invokeTestMethods(Invoker.java:1130)
	at org.testng.internal.TestMethodWorker.invokeTestMethods(TestMethodWorker.java:129)
	at org.testng.internal.TestMethodWorker.run(TestMethodWorker.java:112)
	at org.testng.TestRunner.privateRun(TestRunner.java:782)
	at org.testng.TestRunner.run(TestRunner.java:632)
	at org.testng.SuiteRunner.runTest(SuiteRunner.java:366)
	at org.testng.SuiteRunner.runSequentially(SuiteRunner.java:361)
	at org.testng.SuiteRunner.privateRun(SuiteRunner.java:319)
	at org.testng.SuiteRunner.run(SuiteRunner.java:268)
	at org.testng.SuiteRunnerWorker.runSuite(SuiteRunnerWorker.java:52)
	at org.testng.SuiteRunnerWorker.run(SuiteRunnerWorker.java:86)
	at org.testng.TestNG.runSuitesSequentially(TestNG.java:1244)
	at org.testng.TestNG.runSuitesLocally(TestNG.java:1169)
	at org.testng.TestNG.run(TestNG.java:1064)
	at org.testng.remote.RemoteTestNG.run(RemoteTestNG.java:113)
	at org.testng.remote.RemoteTestNG.initAndRun(RemoteTestNG.java:206)
	at org.testng.remote.RemoteTestNG.main(RemoteTestNG.java:177)
</pre></div></td>
<td>0</td>
<td>com.kambaa.govt_environment.PagesTest.HomepageTest@6ea6d14e</td></tr>
</table><p>
<table width='100%' border='1' class='invocation-skipped'>
<tr><td colspan='4' align='center'><b>SKIPPED CONFIGURATIONS</b></td></tr>
<tr><td><b>Test method</b></td>
<td width="30%"><b>Exception</b></td>
<td width="10%"><b>Time (seconds)</b></td>
<td><b>Instance</b></td>
</tr>
<tr>
<td title='com.kambaa.govt_environment.PagesTest.HomepageTest.setup()'><b>setup</b><br>Test class: com.kambaa.govt_environment.PagesTest.HomepageTest</td>
<td></td>
<td>0</td>
<td>com.kambaa.govt_environment.PagesTest.HomepageTest@6ea6d14e</td></tr>
<tr>
<td title='com.kambaa.govt_environment.PagesTest.HomepageTest.teardown()'><b>teardown</b><br>Test class: com.kambaa.govt_environment.PagesTest.HomepageTest</td>
<td></td>
<td>0</td>
<td>com.kambaa.govt_environment.PagesTest.HomepageTest@6ea6d14e</td></tr>
<tr>
<td title='com.kambaa.govt_environment.PagesTest.HomepageTest.teardown()'><b>teardown</b><br>Test class: com.kambaa.govt_environment.PagesTest.HomepageTest</td>
<td></td>
<td>0</td>
<td>com.kambaa.govt_environment.PagesTest.HomepageTest@6ea6d14e</td></tr>
</table><p>
<table width='100%' border='1' class='invocation-passed'>
<tr><td colspan='4' align='center'><b>PASSED TESTS</b></td></tr>
<tr><td><b>Test method</b></td>
<td width="30%"><b>Exception</b></td>
<td width="10%"><b>Time (seconds)</b></td>
<td><b>Instance</b></td>
</tr>
<tr>
<td title='com.kambaa.govt_environment.PagesTest.HomepageTest.homelinkclicktest()'><b>homelinkclicktest</b><br>Test class: com.kambaa.govt_environment.PagesTest.HomepageTest</td>
<td></td>
<td>54</td>
<td>com.kambaa.govt_environment.PagesTest.HomepageTest@6ea6d14e</td></tr>
</table><p>
<table width='100%' border='1' class='invocation-skipped'>
<tr><td colspan='4' align='center'><b>SKIPPED TESTS</b></td></tr>
<tr><td><b>Test method</b></td>
<td width="30%"><b>Exception</b></td>
<td width="10%"><b>Time (seconds)</b></td>
<td><b>Instance</b></td>
</tr>
<tr>
<td title='com.kambaa.govt_environment.PagesTest.HomepageTest.verifylogo()'><b>verifylogo</b><br>Test class: com.kambaa.govt_environment.PagesTest.HomepageTest</td>
<td></td>
<td>0</td>
<td>com.kambaa.govt_environment.PagesTest.HomepageTest@6ea6d14e</td></tr>
<tr>
<td title='com.kambaa.govt_environment.PagesTest.HomepageTest.verifytitle()'><b>verifytitle</b><br>Test class: com.kambaa.govt_environment.PagesTest.HomepageTest</td>
<td></td>
<td>0</td>
<td>com.kambaa.govt_environment.PagesTest.HomepageTest@6ea6d14e</td></tr>
</table><p>
</body>
</html>