<?xml version="1.0" encoding="UTF-8"?>
<!-- Generated by org.testng.reporters.JUnitXMLReporter -->
<testsuite hostname="KI-DW-Anand" name="HOMEPAGETEST" tests="3" failures="0" timestamp="3 Aug 2019 12:07:51 GMT" time="140.213" errors="0">
  <testcase name="@BeforeMethod setup" time="0.0" classname="com.kambaa.govt_environment.PagesTest.HomepageTest">
    <failure type="org.openqa.selenium.SessionNotCreatedException" message="session not created
from disconnected: received Inspector.detached event
  (Session info: chrome=76.0.3809.87)
Build info: version: &amp;apos;3.141.59&amp;apos;, revision: &amp;apos;e82be7d358&amp;apos;, time: &amp;apos;2018-11-14T08:17:03&amp;apos;
System info: host: &amp;apos;KI-DW-ANAND&amp;apos;, ip: &amp;apos;192.168.2.19&amp;apos;, os.name: &amp;apos;Windows 10&amp;apos;, os.arch: &amp;apos;amd64&amp;apos;, os.version: &amp;apos;10.0&amp;apos;, java.version: &amp;apos;1.8.0_191&amp;apos;
Driver info: driver.version: ChromeDriver
remote stacktrace: Backtrace:
	Ordinal0 [0x00EB7DF3+1474035]
	Ordinal0 [0x00E307D1+919505]
	Ordinal0 [0x00DCCB43+510787]
	Ordinal0 [0x00DC4243+475715]
	Ordinal0 [0x00DC3F46+474950]
	Ordinal0 [0x00DC3C72+474226]
	Ordinal0 [0x00DC3241+471617]
	Ordinal0 [0x00DC2DD9+470489]
	Ordinal0 [0x00DC2D95+470421]
	Ordinal0 [0x00DCB526+505126]
	Ordinal0 [0x00DC2D52+470354]
	Ordinal0 [0x00DC389F+473247]
	Ordinal0 [0x00DC3241+471617]
	Ordinal0 [0x00DC2DD9+470489]
	Ordinal0 [0x00DC2D95+470421]
	Ordinal0 [0x00DC9A31+498225]
	Ordinal0 [0x00DC2D52+470354]
	Ordinal0 [0x00DC389F+473247]
	Ordinal0 [0x00DC3241+471617]
	Ordinal0 [0x00DC2DD9+470489]
	Ordinal0 [0x00DC2D95+470421]
	Ordinal0 [0x00DC7F30+491312]
	Ordinal0 [0x00DC2D52+470354]
	Ordinal0 [0x00DC389F+473247]
	Ordinal0 [0x00DC3241+471617]
	Ordinal0 [0x00DC2DD9+470489]
	Ordinal0 [0x00DC2D95+470421]
	Ordinal0 [0x00DC714F+487759]
	Ordinal0 [0x00DC2D52+470354]
	Ordinal0 [0x00DC389F+473247]
	Ordinal0 [0x00DC3241+471617]
	Ordinal0 [0x00DC2DD9+470489]
	Ordinal0 [0x00DC2D95+470421]
	Ordinal0 [0x00DBF854+456788]
	Ordinal0 [0x00DC2D52+470354]
	Ordinal0 [0x00DC2BEE+469998]
	Ordinal0 [0x00DCD7F0+514032]
	Ordinal0 [0x00D815EA+202218]
	Ordinal0 [0x00D8069D+198301]
	Ordinal0 [0x00D7EECB+192203]
	Ordinal0 [0x00D65FF6+90102]
	Ordinal0 [0x00D6765A+95834]
	Ordinal0 [0x00D67554+95572]
	GetHandleVerifier [0x0101231C+1249612]
	GetHandleVerifier [0x00F61575+525221]
	GetHandleVerifier [0x00F61310+524608]
	Ordinal0 [0x00EC5D28+1531176]
	GetHandleVerifier [0x00F61D4A+527226]
	Ordinal0 [0x00E475F6+1013238]
	Ordinal0 [0x00E4746F+1012847]
	Ordinal0 [0x00E5365B+1062491]
	Ordinal0 [0x00E5379F+1062815]
	Ordinal0 [0x00E52745+1058629]
	BaseThreadInitThunk [0x76248494+36]
	RtlAreBitsSet [0x770941C8+136]
	RtlAreBitsSet [0x77094198+88]
">
      <![CDATA[org.openqa.selenium.SessionNotCreatedException: session not created
from disconnected: received Inspector.detached event
  (Session info: chrome=76.0.3809.87)
Build info: version: '3.141.59', revision: 'e82be7d358', time: '2018-11-14T08:17:03'
System info: host: 'KI-DW-ANAND', ip: '192.168.2.19', os.name: 'Windows 10', os.arch: 'amd64', os.version: '10.0', java.version: '1.8.0_191'
Driver info: driver.version: ChromeDriver
remote stacktrace: Backtrace:
	Ordinal0 [0x00EB7DF3+1474035]
	Ordinal0 [0x00E307D1+919505]
	Ordinal0 [0x00DCCB43+510787]
	Ordinal0 [0x00DC4243+475715]
	Ordinal0 [0x00DC3F46+474950]
	Ordinal0 [0x00DC3C72+474226]
	Ordinal0 [0x00DC3241+471617]
	Ordinal0 [0x00DC2DD9+470489]
	Ordinal0 [0x00DC2D95+470421]
	Ordinal0 [0x00DCB526+505126]
	Ordinal0 [0x00DC2D52+470354]
	Ordinal0 [0x00DC389F+473247]
	Ordinal0 [0x00DC3241+471617]
	Ordinal0 [0x00DC2DD9+470489]
	Ordinal0 [0x00DC2D95+470421]
	Ordinal0 [0x00DC9A31+498225]
	Ordinal0 [0x00DC2D52+470354]
	Ordinal0 [0x00DC389F+473247]
	Ordinal0 [0x00DC3241+471617]
	Ordinal0 [0x00DC2DD9+470489]
	Ordinal0 [0x00DC2D95+470421]
	Ordinal0 [0x00DC7F30+491312]
	Ordinal0 [0x00DC2D52+470354]
	Ordinal0 [0x00DC389F+473247]
	Ordinal0 [0x00DC3241+471617]
	Ordinal0 [0x00DC2DD9+470489]
	Ordinal0 [0x00DC2D95+470421]
	Ordinal0 [0x00DC714F+487759]
	Ordinal0 [0x00DC2D52+470354]
	Ordinal0 [0x00DC389F+473247]
	Ordinal0 [0x00DC3241+471617]
	Ordinal0 [0x00DC2DD9+470489]
	Ordinal0 [0x00DC2D95+470421]
	Ordinal0 [0x00DBF854+456788]
	Ordinal0 [0x00DC2D52+470354]
	Ordinal0 [0x00DC2BEE+469998]
	Ordinal0 [0x00DCD7F0+514032]
	Ordinal0 [0x00D815EA+202218]
	Ordinal0 [0x00D8069D+198301]
	Ordinal0 [0x00D7EECB+192203]
	Ordinal0 [0x00D65FF6+90102]
	Ordinal0 [0x00D6765A+95834]
	Ordinal0 [0x00D67554+95572]
	GetHandleVerifier [0x0101231C+1249612]
	GetHandleVerifier [0x00F61575+525221]
	GetHandleVerifier [0x00F61310+524608]
	Ordinal0 [0x00EC5D28+1531176]
	GetHandleVerifier [0x00F61D4A+527226]
	Ordinal0 [0x00E475F6+1013238]
	Ordinal0 [0x00E4746F+1012847]
	Ordinal0 [0x00E5365B+1062491]
	Ordinal0 [0x00E5379F+1062815]
	Ordinal0 [0x00E52745+1058629]
	BaseThreadInitThunk [0x76248494+36]
	RtlAreBitsSet [0x770941C8+136]
	RtlAreBitsSet [0x77094198+88]

	at org.openqa.selenium.remote.W3CHandshakeResponse.lambda$errorHandler$0(W3CHandshakeResponse.java:62)
	at org.openqa.selenium.remote.HandshakeResponse.lambda$getResponseFunction$0(HandshakeResponse.java:30)
	at org.openqa.selenium.remote.ProtocolHandshake.lambda$createSession$0(ProtocolHandshake.java:126)
	at java.util.stream.ReferencePipeline$3$1.accept(ReferencePipeline.java:193)
	at java.util.Spliterators$ArraySpliterator.tryAdvance(Spliterators.java:958)
	at java.util.stream.ReferencePipeline.forEachWithCancel(ReferencePipeline.java:126)
	at java.util.stream.AbstractPipeline.copyIntoWithCancel(AbstractPipeline.java:498)
	at java.util.stream.AbstractPipeline.copyInto(AbstractPipeline.java:485)
	at java.util.stream.AbstractPipeline.wrapAndCopyInto(AbstractPipeline.java:471)
	at java.util.stream.FindOps$FindOp.evaluateSequential(FindOps.java:152)
	at java.util.stream.AbstractPipeline.evaluate(AbstractPipeline.java:234)
	at java.util.stream.ReferencePipeline.findFirst(ReferencePipeline.java:464)
	at org.openqa.selenium.remote.ProtocolHandshake.createSession(ProtocolHandshake.java:128)
	at org.openqa.selenium.remote.ProtocolHandshake.createSession(ProtocolHandshake.java:74)
	at org.openqa.selenium.remote.HttpCommandExecutor.execute(HttpCommandExecutor.java:136)
	at org.openqa.selenium.remote.service.DriverCommandExecutor.execute(DriverCommandExecutor.java:83)
	at org.openqa.selenium.remote.RemoteWebDriver.execute(RemoteWebDriver.java:552)
	at org.openqa.selenium.remote.RemoteWebDriver.startSession(RemoteWebDriver.java:213)
	at org.openqa.selenium.remote.RemoteWebDriver.<init>(RemoteWebDriver.java:131)
	at org.openqa.selenium.chrome.ChromeDriver.<init>(ChromeDriver.java:181)
	at org.openqa.selenium.chrome.ChromeDriver.<init>(ChromeDriver.java:168)
	at org.openqa.selenium.chrome.ChromeDriver.<init>(ChromeDriver.java:123)
	at com.kambaa.govt_environment.Pages.TestBase.initialize(TestBase.java:33)
	at com.kambaa.govt_environment.PagesTest.HomepageTest.setup(HomepageTest.java:18)
... Removed 30 stack frames]]>
    </failure>
  </testcase> <!-- @BeforeMethod setup -->
  <testcase name="@AfterMethod teardown" time="0.0" classname="com.kambaa.govt_environment.PagesTest.HomepageTest">
    <skipped/>
  </testcase> <!-- @AfterMethod teardown -->
  <testcase name="@BeforeMethod setup" time="0.0" classname="com.kambaa.govt_environment.PagesTest.HomepageTest">
    <skipped/>
  </testcase> <!-- @BeforeMethod setup -->
  <testcase name="@AfterMethod teardown" time="0.0" classname="com.kambaa.govt_environment.PagesTest.HomepageTest">
    <skipped/>
  </testcase> <!-- @AfterMethod teardown -->
  <testcase name="homelinkclicktest" time="54.731" classname="com.kambaa.govt_environment.PagesTest.HomepageTest"/>
  <testcase name="verifylogo" time="0.004" classname="com.kambaa.govt_environment.PagesTest.HomepageTest">
    <skipped/>
  </testcase> <!-- verifylogo -->
  <testcase name="verifytitle" time="0.002" classname="com.kambaa.govt_environment.PagesTest.HomepageTest">
    <skipped/>
  </testcase> <!-- verifytitle -->
</testsuite> <!-- HOMEPAGETEST -->
