<?xml version="1.0" encoding="UTF-8"?>
<testng-results skipped="0" failed="5" total="28" passed="23">
  <reporter-output>
  </reporter-output>
  <suite name="GOVERNMENT_ENVIRONMENT_PROJECT" duration-ms="3464055" started-at="2019-08-06T11:00:37Z" finished-at="2019-08-06T11:58:21Z">
    <groups>
    </groups>
    <test name="HOMEPAGETEST" duration-ms="348620" started-at="2019-08-06T11:00:37Z" finished-at="2019-08-06T11:06:25Z">
      <class name="com.kambaa.govt_environment.PagesTest.HomepageTest">
        <test-method status="PASS" signature="setup()[pri:0, instance:com.kambaa.govt_environment.PagesTest.HomepageTest@6ea6d14e]" name="setup" is-config="true" duration-ms="145757" started-at="2019-08-06T16:30:37Z" finished-at="2019-08-06T16:33:03Z">
          <reporter-output>
          </reporter-output>
        </test-method> <!-- setup -->
        <test-method status="PASS" signature="homelinkclicktest()[pri:0, instance:com.kambaa.govt_environment.PagesTest.HomepageTest@6ea6d14e]" name="homelinkclicktest" duration-ms="60784" started-at="2019-08-06T16:33:03Z" finished-at="2019-08-06T16:34:03Z">
          <reporter-output>
          </reporter-output>
        </test-method> <!-- homelinkclicktest -->
        <test-method status="PASS" signature="teardown()[pri:0, instance:com.kambaa.govt_environment.PagesTest.HomepageTest@6ea6d14e]" name="teardown" is-config="true" duration-ms="882" started-at="2019-08-06T16:34:03Z" finished-at="2019-08-06T16:34:04Z">
          <reporter-output>
          </reporter-output>
        </test-method> <!-- teardown -->
        <test-method status="PASS" signature="setup()[pri:0, instance:com.kambaa.govt_environment.PagesTest.HomepageTest@6ea6d14e]" name="setup" is-config="true" duration-ms="70253" started-at="2019-08-06T16:34:04Z" finished-at="2019-08-06T16:35:14Z">
          <reporter-output>
          </reporter-output>
        </test-method> <!-- setup -->
        <test-method status="PASS" signature="verifylogo()[pri:0, instance:com.kambaa.govt_environment.PagesTest.HomepageTest@6ea6d14e]" name="verifylogo" duration-ms="267" started-at="2019-08-06T16:35:14Z" finished-at="2019-08-06T16:35:15Z">
          <reporter-output>
          </reporter-output>
        </test-method> <!-- verifylogo -->
        <test-method status="PASS" signature="teardown()[pri:0, instance:com.kambaa.govt_environment.PagesTest.HomepageTest@6ea6d14e]" name="teardown" is-config="true" duration-ms="1302" started-at="2019-08-06T16:35:15Z" finished-at="2019-08-06T16:35:16Z">
          <reporter-output>
          </reporter-output>
        </test-method> <!-- teardown -->
        <test-method status="PASS" signature="setup()[pri:0, instance:com.kambaa.govt_environment.PagesTest.HomepageTest@6ea6d14e]" name="setup" is-config="true" duration-ms="69124" started-at="2019-08-06T16:35:16Z" finished-at="2019-08-06T16:36:25Z">
          <reporter-output>
          </reporter-output>
        </test-method> <!-- setup -->
        <test-method status="PASS" signature="verifytitle()[pri:0, instance:com.kambaa.govt_environment.PagesTest.HomepageTest@6ea6d14e]" name="verifytitle" duration-ms="18" started-at="2019-08-06T16:36:25Z" finished-at="2019-08-06T16:36:25Z">
          <reporter-output>
          </reporter-output>
        </test-method> <!-- verifytitle -->
        <test-method status="PASS" signature="teardown()[pri:0, instance:com.kambaa.govt_environment.PagesTest.HomepageTest@6ea6d14e]" name="teardown" is-config="true" duration-ms="160" started-at="2019-08-06T16:36:25Z" finished-at="2019-08-06T16:36:25Z">
          <reporter-output>
          </reporter-output>
        </test-method> <!-- teardown -->
      </class> <!-- com.kambaa.govt_environment.PagesTest.HomepageTest -->
    </test> <!-- HOMEPAGETEST -->
    <test name="ABOUTUSPAGETEST" duration-ms="184381" started-at="2019-08-06T11:06:26Z" finished-at="2019-08-06T11:09:31Z">
      <class name="com.kambaa.govt_environment.PagesTest.AboutuslinkpageTest">
        <test-method status="PASS" signature="setup()[pri:0, instance:com.kambaa.govt_environment.PagesTest.AboutuslinkpageTest@4cdbe50f]" name="setup" is-config="true" duration-ms="62506" started-at="2019-08-06T16:36:26Z" finished-at="2019-08-06T16:37:29Z">
          <reporter-output>
          </reporter-output>
        </test-method> <!-- setup -->
        <test-method status="PASS" signature="verifyDOElink()[pri:0, instance:com.kambaa.govt_environment.PagesTest.AboutuslinkpageTest@4cdbe50f]" name="verifyDOElink" duration-ms="36869" started-at="2019-08-06T16:37:29Z" finished-at="2019-08-06T16:38:06Z">
          <reporter-output>
          </reporter-output>
        </test-method> <!-- verifyDOElink -->
        <test-method status="PASS" signature="teardown()[pri:0, instance:com.kambaa.govt_environment.PagesTest.AboutuslinkpageTest@4cdbe50f]" name="teardown" is-config="true" duration-ms="175" started-at="2019-08-06T16:38:06Z" finished-at="2019-08-06T16:38:06Z">
          <reporter-output>
          </reporter-output>
        </test-method> <!-- teardown -->
        <test-method status="PASS" signature="setup()[pri:0, instance:com.kambaa.govt_environment.PagesTest.AboutuslinkpageTest@4cdbe50f]" name="setup" is-config="true" duration-ms="57201" started-at="2019-08-06T16:38:06Z" finished-at="2019-08-06T16:39:03Z">
          <reporter-output>
          </reporter-output>
        </test-method> <!-- setup -->
        <test-method status="PASS" signature="verifylimk2()[pri:0, instance:com.kambaa.govt_environment.PagesTest.AboutuslinkpageTest@4cdbe50f]" name="verifylimk2" duration-ms="27440" started-at="2019-08-06T16:39:03Z" finished-at="2019-08-06T16:39:30Z">
          <reporter-output>
          </reporter-output>
        </test-method> <!-- verifylimk2 -->
        <test-method status="PASS" signature="teardown()[pri:0, instance:com.kambaa.govt_environment.PagesTest.AboutuslinkpageTest@4cdbe50f]" name="teardown" is-config="true" duration-ms="180" started-at="2019-08-06T16:39:30Z" finished-at="2019-08-06T16:39:31Z">
          <reporter-output>
          </reporter-output>
        </test-method> <!-- teardown -->
      </class> <!-- com.kambaa.govt_environment.PagesTest.AboutuslinkpageTest -->
    </test> <!-- ABOUTUSPAGETEST -->
    <test name="CZMPAGETEST" duration-ms="538481" started-at="2019-08-06T11:09:31Z" finished-at="2019-08-06T11:18:29Z">
      <class name="com.kambaa.govt_environment.PagesTest.CZMPageTest">
        <test-method status="PASS" signature="setup()[pri:0, instance:com.kambaa.govt_environment.PagesTest.CZMPageTest@75bd9247]" name="setup" is-config="true" duration-ms="62036" started-at="2019-08-06T16:39:31Z" finished-at="2019-08-06T16:40:33Z">
          <reporter-output>
          </reporter-output>
        </test-method> <!-- setup -->
        <test-method status="FAIL" signature="verifyCDRRPlink()[pri:0, instance:com.kambaa.govt_environment.PagesTest.CZMPageTest@75bd9247]" name="verifyCDRRPlink" duration-ms="131518" started-at="2019-08-06T16:40:33Z" finished-at="2019-08-06T16:42:44Z">
          <exception class="org.openqa.selenium.ElementNotInteractableException">
            <message>
              <![CDATA[element not interactable
  (Session info: chrome=76.0.3809.87)
Build info: version: '3.141.59', revision: 'e82be7d358', time: '2018-11-14T08:17:03'
System info: host: 'KI-DW-ANAND', ip: '192.168.2.19', os.name: 'Windows 10', os.arch: 'amd64', os.version: '10.0', java.version: '1.8.0_191'
Driver info: org.openqa.selenium.chrome.ChromeDriver
Capabilities {acceptInsecureCerts: false, browserName: chrome, browserVersion: 76.0.3809.87, chrome: {chromedriverVersion: 75.0.3770.8 (681f24ea911fe7..., userDataDir: C:\Users\kavya\AppData\Loca...}, goog:chromeOptions: {debuggerAddress: localhost:55015}, javascriptEnabled: true, networkConnectionEnabled: false, pageLoadStrategy: normal, platform: XP, platformName: XP, proxy: Proxy(), setWindowRect: true, strictFileInteractability: false, timeouts: {implicit: 0, pageLoad: 300000, script: 30000}, unhandledPromptBehavior: dismiss and notify}
Session ID: 9e689c8650bf197cc1a35a46af623393]]>
            </message>
            <full-stacktrace>
              <![CDATA[org.openqa.selenium.ElementNotInteractableException: element not interactable
  (Session info: chrome=76.0.3809.87)
Build info: version: '3.141.59', revision: 'e82be7d358', time: '2018-11-14T08:17:03'
System info: host: 'KI-DW-ANAND', ip: '192.168.2.19', os.name: 'Windows 10', os.arch: 'amd64', os.version: '10.0', java.version: '1.8.0_191'
Driver info: org.openqa.selenium.chrome.ChromeDriver
Capabilities {acceptInsecureCerts: false, browserName: chrome, browserVersion: 76.0.3809.87, chrome: {chromedriverVersion: 75.0.3770.8 (681f24ea911fe7..., userDataDir: C:\Users\kavya\AppData\Loca...}, goog:chromeOptions: {debuggerAddress: localhost:55015}, javascriptEnabled: true, networkConnectionEnabled: false, pageLoadStrategy: normal, platform: XP, platformName: XP, proxy: Proxy(), setWindowRect: true, strictFileInteractability: false, timeouts: {implicit: 0, pageLoad: 300000, script: 30000}, unhandledPromptBehavior: dismiss and notify}
Session ID: 9e689c8650bf197cc1a35a46af623393
	at sun.reflect.NativeConstructorAccessorImpl.newInstance0(Native Method)
	at sun.reflect.NativeConstructorAccessorImpl.newInstance(NativeConstructorAccessorImpl.java:62)
	at sun.reflect.DelegatingConstructorAccessorImpl.newInstance(DelegatingConstructorAccessorImpl.java:45)
	at java.lang.reflect.Constructor.newInstance(Constructor.java:423)
	at org.openqa.selenium.remote.http.W3CHttpResponseCodec.createException(W3CHttpResponseCodec.java:187)
	at org.openqa.selenium.remote.http.W3CHttpResponseCodec.decode(W3CHttpResponseCodec.java:122)
	at org.openqa.selenium.remote.http.W3CHttpResponseCodec.decode(W3CHttpResponseCodec.java:49)
	at org.openqa.selenium.remote.HttpCommandExecutor.execute(HttpCommandExecutor.java:158)
	at org.openqa.selenium.remote.service.DriverCommandExecutor.execute(DriverCommandExecutor.java:83)
	at org.openqa.selenium.remote.RemoteWebDriver.execute(RemoteWebDriver.java:552)
	at org.openqa.selenium.remote.RemoteWebElement.execute(RemoteWebElement.java:285)
	at org.openqa.selenium.remote.RemoteWebElement.click(RemoteWebElement.java:84)
	at sun.reflect.NativeMethodAccessorImpl.invoke0(Native Method)
	at sun.reflect.NativeMethodAccessorImpl.invoke(NativeMethodAccessorImpl.java:62)
	at sun.reflect.DelegatingMethodAccessorImpl.invoke(DelegatingMethodAccessorImpl.java:43)
	at java.lang.reflect.Method.invoke(Method.java:498)
	at org.openqa.selenium.support.pagefactory.internal.LocatingElementHandler.invoke(LocatingElementHandler.java:51)
	at com.sun.proxy.$Proxy8.click(Unknown Source)
	at com.kambaa.govt_environment.Pages.CZMPages.validatecdrrplink(CZMPages.java:39)
	at com.kambaa.govt_environment.PagesTest.CZMPageTest.verifyCDRRPlink(CZMPageTest.java:29)
	at sun.reflect.NativeMethodAccessorImpl.invoke0(Native Method)
	at sun.reflect.NativeMethodAccessorImpl.invoke(NativeMethodAccessorImpl.java:62)
	at sun.reflect.DelegatingMethodAccessorImpl.invoke(DelegatingMethodAccessorImpl.java:43)
	at java.lang.reflect.Method.invoke(Method.java:498)
	at org.testng.internal.MethodInvocationHelper.invokeMethod(MethodInvocationHelper.java:86)
	at org.testng.internal.Invoker.invokeMethod(Invoker.java:645)
	at org.testng.internal.Invoker.invokeTestMethod(Invoker.java:822)
	at org.testng.internal.Invoker.invokeTestMethods(Invoker.java:1130)
	at org.testng.internal.TestMethodWorker.invokeTestMethods(TestMethodWorker.java:129)
	at org.testng.internal.TestMethodWorker.run(TestMethodWorker.java:112)
	at java.util.concurrent.ThreadPoolExecutor.runWorker(ThreadPoolExecutor.java:1149)
	at java.util.concurrent.ThreadPoolExecutor$Worker.run(ThreadPoolExecutor.java:624)
	at java.lang.Thread.run(Thread.java:748)
]]>
            </full-stacktrace>
          </exception> <!-- org.openqa.selenium.ElementNotInteractableException -->
          <reporter-output>
          </reporter-output>
        </test-method> <!-- verifyCDRRPlink -->
        <test-method status="PASS" signature="teardown()[pri:0, instance:com.kambaa.govt_environment.PagesTest.CZMPageTest@75bd9247]" name="teardown" is-config="true" duration-ms="877" started-at="2019-08-06T16:42:44Z" finished-at="2019-08-06T16:42:45Z">
          <reporter-output>
          </reporter-output>
        </test-method> <!-- teardown -->
        <test-method status="PASS" signature="setup()[pri:0, instance:com.kambaa.govt_environment.PagesTest.CZMPageTest@75bd9247]" name="setup" is-config="true" duration-ms="98898" started-at="2019-08-06T16:42:45Z" finished-at="2019-08-06T16:44:24Z">
          <reporter-output>
          </reporter-output>
        </test-method> <!-- setup -->
        <test-method status="PASS" signature="verifyCZMlink()[pri:0, instance:com.kambaa.govt_environment.PagesTest.CZMPageTest@75bd9247]" name="verifyCZMlink" duration-ms="37493" started-at="2019-08-06T16:44:24Z" finished-at="2019-08-06T16:45:02Z">
          <reporter-output>
          </reporter-output>
        </test-method> <!-- verifyCZMlink -->
        <test-method status="PASS" signature="teardown()[pri:0, instance:com.kambaa.govt_environment.PagesTest.CZMPageTest@75bd9247]" name="teardown" is-config="true" duration-ms="323" started-at="2019-08-06T16:45:02Z" finished-at="2019-08-06T16:45:02Z">
          <reporter-output>
          </reporter-output>
        </test-method> <!-- teardown -->
        <test-method status="PASS" signature="setup()[pri:0, instance:com.kambaa.govt_environment.PagesTest.CZMPageTest@75bd9247]" name="setup" is-config="true" duration-ms="70211" started-at="2019-08-06T16:45:02Z" finished-at="2019-08-06T16:46:12Z">
          <reporter-output>
          </reporter-output>
        </test-method> <!-- setup -->
        <test-method status="FAIL" signature="verifyICZMPlink()[pri:0, instance:com.kambaa.govt_environment.PagesTest.CZMPageTest@75bd9247]" name="verifyICZMPlink" duration-ms="135789" started-at="2019-08-06T16:46:12Z" finished-at="2019-08-06T16:48:28Z">
          <exception class="org.openqa.selenium.ElementNotInteractableException">
            <message>
              <![CDATA[element not interactable
  (Session info: chrome=76.0.3809.87)
Build info: version: '3.141.59', revision: 'e82be7d358', time: '2018-11-14T08:17:03'
System info: host: 'KI-DW-ANAND', ip: '192.168.2.19', os.name: 'Windows 10', os.arch: 'amd64', os.version: '10.0', java.version: '1.8.0_191'
Driver info: org.openqa.selenium.chrome.ChromeDriver
Capabilities {acceptInsecureCerts: false, browserName: chrome, browserVersion: 76.0.3809.87, chrome: {chromedriverVersion: 75.0.3770.8 (681f24ea911fe7..., userDataDir: C:\Users\kavya\AppData\Loca...}, goog:chromeOptions: {debuggerAddress: localhost:55658}, javascriptEnabled: true, networkConnectionEnabled: false, pageLoadStrategy: normal, platform: XP, platformName: XP, proxy: Proxy(), setWindowRect: true, strictFileInteractability: false, timeouts: {implicit: 0, pageLoad: 300000, script: 30000}, unhandledPromptBehavior: dismiss and notify}
Session ID: 930c251b2ba1b057272e90d1ca9aaf2c]]>
            </message>
            <full-stacktrace>
              <![CDATA[org.openqa.selenium.ElementNotInteractableException: element not interactable
  (Session info: chrome=76.0.3809.87)
Build info: version: '3.141.59', revision: 'e82be7d358', time: '2018-11-14T08:17:03'
System info: host: 'KI-DW-ANAND', ip: '192.168.2.19', os.name: 'Windows 10', os.arch: 'amd64', os.version: '10.0', java.version: '1.8.0_191'
Driver info: org.openqa.selenium.chrome.ChromeDriver
Capabilities {acceptInsecureCerts: false, browserName: chrome, browserVersion: 76.0.3809.87, chrome: {chromedriverVersion: 75.0.3770.8 (681f24ea911fe7..., userDataDir: C:\Users\kavya\AppData\Loca...}, goog:chromeOptions: {debuggerAddress: localhost:55658}, javascriptEnabled: true, networkConnectionEnabled: false, pageLoadStrategy: normal, platform: XP, platformName: XP, proxy: Proxy(), setWindowRect: true, strictFileInteractability: false, timeouts: {implicit: 0, pageLoad: 300000, script: 30000}, unhandledPromptBehavior: dismiss and notify}
Session ID: 930c251b2ba1b057272e90d1ca9aaf2c
	at sun.reflect.NativeConstructorAccessorImpl.newInstance0(Native Method)
	at sun.reflect.NativeConstructorAccessorImpl.newInstance(NativeConstructorAccessorImpl.java:62)
	at sun.reflect.DelegatingConstructorAccessorImpl.newInstance(DelegatingConstructorAccessorImpl.java:45)
	at java.lang.reflect.Constructor.newInstance(Constructor.java:423)
	at org.openqa.selenium.remote.http.W3CHttpResponseCodec.createException(W3CHttpResponseCodec.java:187)
	at org.openqa.selenium.remote.http.W3CHttpResponseCodec.decode(W3CHttpResponseCodec.java:122)
	at org.openqa.selenium.remote.http.W3CHttpResponseCodec.decode(W3CHttpResponseCodec.java:49)
	at org.openqa.selenium.remote.HttpCommandExecutor.execute(HttpCommandExecutor.java:158)
	at org.openqa.selenium.remote.service.DriverCommandExecutor.execute(DriverCommandExecutor.java:83)
	at org.openqa.selenium.remote.RemoteWebDriver.execute(RemoteWebDriver.java:552)
	at org.openqa.selenium.remote.RemoteWebElement.execute(RemoteWebElement.java:285)
	at org.openqa.selenium.remote.RemoteWebElement.click(RemoteWebElement.java:84)
	at sun.reflect.NativeMethodAccessorImpl.invoke0(Native Method)
	at sun.reflect.NativeMethodAccessorImpl.invoke(NativeMethodAccessorImpl.java:62)
	at sun.reflect.DelegatingMethodAccessorImpl.invoke(DelegatingMethodAccessorImpl.java:43)
	at java.lang.reflect.Method.invoke(Method.java:498)
	at org.openqa.selenium.support.pagefactory.internal.LocatingElementHandler.invoke(LocatingElementHandler.java:51)
	at com.sun.proxy.$Proxy8.click(Unknown Source)
	at com.kambaa.govt_environment.Pages.CZMPages.validateiczmplink(CZMPages.java:47)
	at com.kambaa.govt_environment.PagesTest.CZMPageTest.verifyICZMPlink(CZMPageTest.java:35)
	at sun.reflect.NativeMethodAccessorImpl.invoke0(Native Method)
	at sun.reflect.NativeMethodAccessorImpl.invoke(NativeMethodAccessorImpl.java:62)
	at sun.reflect.DelegatingMethodAccessorImpl.invoke(DelegatingMethodAccessorImpl.java:43)
	at java.lang.reflect.Method.invoke(Method.java:498)
	at org.testng.internal.MethodInvocationHelper.invokeMethod(MethodInvocationHelper.java:86)
	at org.testng.internal.Invoker.invokeMethod(Invoker.java:645)
	at org.testng.internal.Invoker.invokeTestMethod(Invoker.java:822)
	at org.testng.internal.Invoker.invokeTestMethods(Invoker.java:1130)
	at org.testng.internal.TestMethodWorker.invokeTestMethods(TestMethodWorker.java:129)
	at org.testng.internal.TestMethodWorker.run(TestMethodWorker.java:112)
	at java.util.concurrent.ThreadPoolExecutor.runWorker(ThreadPoolExecutor.java:1149)
	at java.util.concurrent.ThreadPoolExecutor$Worker.run(ThreadPoolExecutor.java:624)
	at java.lang.Thread.run(Thread.java:748)
]]>
            </full-stacktrace>
          </exception> <!-- org.openqa.selenium.ElementNotInteractableException -->
          <reporter-output>
          </reporter-output>
        </test-method> <!-- verifyICZMPlink -->
        <test-method status="PASS" signature="teardown()[pri:0, instance:com.kambaa.govt_environment.PagesTest.CZMPageTest@75bd9247]" name="teardown" is-config="true" duration-ms="1221" started-at="2019-08-06T16:48:28Z" finished-at="2019-08-06T16:48:29Z">
          <reporter-output>
          </reporter-output>
        </test-method> <!-- teardown -->
      </class> <!-- com.kambaa.govt_environment.PagesTest.CZMPageTest -->
    </test> <!-- CZMPAGETEST -->
    <test name="EMATPAGETEST" duration-ms="439481" started-at="2019-08-06T11:18:29Z" finished-at="2019-08-06T11:25:49Z">
      <class name="com.kambaa.govt_environment.PagesTest.EMATPageTest">
        <test-method status="PASS" signature="setup()[pri:0, instance:com.kambaa.govt_environment.PagesTest.EMATPageTest@1134affc]" name="setup" is-config="true" duration-ms="79881" started-at="2019-08-06T16:48:29Z" finished-at="2019-08-06T16:49:49Z">
          <reporter-output>
          </reporter-output>
        </test-method> <!-- setup -->
        <test-method status="PASS" signature="verifyECORESTORATIONlink()[pri:0, instance:com.kambaa.govt_environment.PagesTest.EMATPageTest@1134affc]" name="verifyECORESTORATIONlink" duration-ms="32722" started-at="2019-08-06T16:49:49Z" finished-at="2019-08-06T16:50:22Z">
          <reporter-output>
          </reporter-output>
        </test-method> <!-- verifyECORESTORATIONlink -->
        <test-method status="PASS" signature="teardown()[pri:0, instance:com.kambaa.govt_environment.PagesTest.EMATPageTest@1134affc]" name="teardown" is-config="true" duration-ms="973" started-at="2019-08-06T16:50:22Z" finished-at="2019-08-06T16:50:23Z">
          <reporter-output>
          </reporter-output>
        </test-method> <!-- teardown -->
        <test-method status="PASS" signature="setup()[pri:0, instance:com.kambaa.govt_environment.PagesTest.EMATPageTest@1134affc]" name="setup" is-config="true" duration-ms="83267" started-at="2019-08-06T16:50:23Z" finished-at="2019-08-06T16:51:46Z">
          <reporter-output>
          </reporter-output>
        </test-method> <!-- setup -->
        <test-method status="PASS" signature="verifyEMATlink1()[pri:0, instance:com.kambaa.govt_environment.PagesTest.EMATPageTest@1134affc]" name="verifyEMATlink1" duration-ms="33949" started-at="2019-08-06T16:51:46Z" finished-at="2019-08-06T16:52:20Z">
          <reporter-output>
          </reporter-output>
        </test-method> <!-- verifyEMATlink1 -->
        <test-method status="PASS" signature="teardown()[pri:0, instance:com.kambaa.govt_environment.PagesTest.EMATPageTest@1134affc]" name="teardown" is-config="true" duration-ms="1855" started-at="2019-08-06T16:52:20Z" finished-at="2019-08-06T16:52:22Z">
          <reporter-output>
          </reporter-output>
        </test-method> <!-- teardown -->
        <test-method status="PASS" signature="setup()[pri:0, instance:com.kambaa.govt_environment.PagesTest.EMATPageTest@1134affc]" name="setup" is-config="true" duration-ms="71955" started-at="2019-08-06T16:52:22Z" finished-at="2019-08-06T16:53:34Z">
          <reporter-output>
          </reporter-output>
        </test-method> <!-- setup -->
        <test-method status="PASS" signature="verifyEPREDlink()[pri:0, instance:com.kambaa.govt_environment.PagesTest.EMATPageTest@1134affc]" name="verifyEPREDlink" duration-ms="33291" started-at="2019-08-06T16:53:34Z" finished-at="2019-08-06T16:54:07Z">
          <reporter-output>
          </reporter-output>
        </test-method> <!-- verifyEPREDlink -->
        <test-method status="PASS" signature="teardown()[pri:0, instance:com.kambaa.govt_environment.PagesTest.EMATPageTest@1134affc]" name="teardown" is-config="true" duration-ms="465" started-at="2019-08-06T16:54:07Z" finished-at="2019-08-06T16:54:08Z">
          <reporter-output>
          </reporter-output>
        </test-method> <!-- teardown -->
        <test-method status="PASS" signature="setup()[pri:0, instance:com.kambaa.govt_environment.PagesTest.EMATPageTest@1134affc]" name="setup" is-config="true" duration-ms="62135" started-at="2019-08-06T16:54:08Z" finished-at="2019-08-06T16:55:10Z">
          <reporter-output>
          </reporter-output>
        </test-method> <!-- setup -->
        <test-method status="PASS" signature="verifyNLCPANDNRCPlink()[pri:0, instance:com.kambaa.govt_environment.PagesTest.EMATPageTest@1134affc]" name="verifyNLCPANDNRCPlink" duration-ms="35964" started-at="2019-08-06T16:55:10Z" finished-at="2019-08-06T16:55:46Z">
          <reporter-output>
          </reporter-output>
        </test-method> <!-- verifyNLCPANDNRCPlink -->
        <test-method status="PASS" signature="teardown()[pri:0, instance:com.kambaa.govt_environment.PagesTest.EMATPageTest@1134affc]" name="teardown" is-config="true" duration-ms="2969" started-at="2019-08-06T16:55:46Z" finished-at="2019-08-06T16:55:49Z">
          <reporter-output>
          </reporter-output>
        </test-method> <!-- teardown -->
      </class> <!-- com.kambaa.govt_environment.PagesTest.EMATPageTest -->
    </test> <!-- EMATPAGETEST -->
    <test name="CLIMATECHAGEPAGETEST" duration-ms="526713" started-at="2019-08-06T11:25:49Z" finished-at="2019-08-06T11:34:36Z">
      <class name="com.kambaa.govt_environment.PagesTest.Climate_ChangePagesTest">
        <test-method status="PASS" signature="setup()[pri:0, instance:com.kambaa.govt_environment.PagesTest.Climate_ChangePagesTest@2752f6e2]" name="setup" is-config="true" duration-ms="68144" started-at="2019-08-06T16:55:49Z" finished-at="2019-08-06T16:56:57Z">
          <reporter-output>
          </reporter-output>
        </test-method> <!-- setup -->
        <test-method status="PASS" signature="verifyGCFlink()[pri:0, instance:com.kambaa.govt_environment.PagesTest.Climate_ChangePagesTest@2752f6e2]" name="verifyGCFlink" duration-ms="34964" started-at="2019-08-06T16:56:57Z" finished-at="2019-08-06T16:57:32Z">
          <reporter-output>
          </reporter-output>
        </test-method> <!-- verifyGCFlink -->
        <test-method status="PASS" signature="teardown()[pri:0, instance:com.kambaa.govt_environment.PagesTest.Climate_ChangePagesTest@2752f6e2]" name="teardown" is-config="true" duration-ms="3423" started-at="2019-08-06T16:57:32Z" finished-at="2019-08-06T16:57:35Z">
          <reporter-output>
          </reporter-output>
        </test-method> <!-- teardown -->
        <test-method status="PASS" signature="setup()[pri:0, instance:com.kambaa.govt_environment.PagesTest.Climate_ChangePagesTest@2752f6e2]" name="setup" is-config="true" duration-ms="71149" started-at="2019-08-06T16:57:35Z" finished-at="2019-08-06T16:58:47Z">
          <reporter-output>
          </reporter-output>
        </test-method> <!-- setup -->
        <test-method status="PASS" signature="verifyNAFCClink()[pri:0, instance:com.kambaa.govt_environment.PagesTest.Climate_ChangePagesTest@2752f6e2]" name="verifyNAFCClink" duration-ms="35132" started-at="2019-08-06T16:58:47Z" finished-at="2019-08-06T16:59:22Z">
          <reporter-output>
          </reporter-output>
        </test-method> <!-- verifyNAFCClink -->
        <test-method status="PASS" signature="teardown()[pri:0, instance:com.kambaa.govt_environment.PagesTest.Climate_ChangePagesTest@2752f6e2]" name="teardown" is-config="true" duration-ms="3139" started-at="2019-08-06T16:59:22Z" finished-at="2019-08-06T16:59:25Z">
          <reporter-output>
          </reporter-output>
        </test-method> <!-- teardown -->
        <test-method status="PASS" signature="setup()[pri:0, instance:com.kambaa.govt_environment.PagesTest.Climate_ChangePagesTest@2752f6e2]" name="setup" is-config="true" duration-ms="68383" started-at="2019-08-06T16:59:25Z" finished-at="2019-08-06T17:00:33Z">
          <reporter-output>
          </reporter-output>
        </test-method> <!-- setup -->
        <test-method status="PASS" signature="verifyNMSKCClink()[pri:0, instance:com.kambaa.govt_environment.PagesTest.Climate_ChangePagesTest@2752f6e2]" name="verifyNMSKCClink" duration-ms="35024" started-at="2019-08-06T17:00:33Z" finished-at="2019-08-06T17:01:08Z">
          <reporter-output>
          </reporter-output>
        </test-method> <!-- verifyNMSKCClink -->
        <test-method status="PASS" signature="teardown()[pri:0, instance:com.kambaa.govt_environment.PagesTest.Climate_ChangePagesTest@2752f6e2]" name="teardown" is-config="true" duration-ms="3123" started-at="2019-08-06T17:01:08Z" finished-at="2019-08-06T17:01:11Z">
          <reporter-output>
          </reporter-output>
        </test-method> <!-- teardown -->
        <test-method status="PASS" signature="setup()[pri:0, instance:com.kambaa.govt_environment.PagesTest.Climate_ChangePagesTest@2752f6e2]" name="setup" is-config="true" duration-ms="65752" started-at="2019-08-06T17:01:11Z" finished-at="2019-08-06T17:02:17Z">
          <reporter-output>
          </reporter-output>
        </test-method> <!-- setup -->
        <test-method status="PASS" signature="verifyTNSAPCClink()[pri:0, instance:com.kambaa.govt_environment.PagesTest.Climate_ChangePagesTest@2752f6e2]" name="verifyTNSAPCClink" duration-ms="33658" started-at="2019-08-06T17:02:17Z" finished-at="2019-08-06T17:02:51Z">
          <reporter-output>
          </reporter-output>
        </test-method> <!-- verifyTNSAPCClink -->
        <test-method status="PASS" signature="teardown()[pri:0, instance:com.kambaa.govt_environment.PagesTest.Climate_ChangePagesTest@2752f6e2]" name="teardown" is-config="true" duration-ms="607" started-at="2019-08-06T17:02:51Z" finished-at="2019-08-06T17:02:51Z">
          <reporter-output>
          </reporter-output>
        </test-method> <!-- teardown -->
        <test-method status="PASS" signature="setup()[pri:0, instance:com.kambaa.govt_environment.PagesTest.Climate_ChangePagesTest@2752f6e2]" name="setup" is-config="true" duration-ms="67401" started-at="2019-08-06T17:02:51Z" finished-at="2019-08-06T17:03:59Z">
          <reporter-output>
          </reporter-output>
        </test-method> <!-- setup -->
        <test-method status="PASS" signature="verifyclimatechangecelllink()[pri:0, instance:com.kambaa.govt_environment.PagesTest.Climate_ChangePagesTest@2752f6e2]" name="verifyclimatechangecelllink" duration-ms="31732" started-at="2019-08-06T17:03:59Z" finished-at="2019-08-06T17:04:30Z">
          <reporter-output>
          </reporter-output>
        </test-method> <!-- verifyclimatechangecelllink -->
        <test-method status="PASS" signature="teardown()[pri:0, instance:com.kambaa.govt_environment.PagesTest.Climate_ChangePagesTest@2752f6e2]" name="teardown" is-config="true" duration-ms="5058" started-at="2019-08-06T17:04:30Z" finished-at="2019-08-06T17:04:36Z">
          <reporter-output>
          </reporter-output>
        </test-method> <!-- teardown -->
      </class> <!-- com.kambaa.govt_environment.PagesTest.Climate_ChangePagesTest -->
    </test> <!-- CLIMATECHAGEPAGETEST -->
    <test name="NGCPAGETEST" duration-ms="227275" started-at="2019-08-06T11:34:36Z" finished-at="2019-08-06T11:38:23Z">
      <class name="com.kambaa.govt_environment.PagesTest.NGCPageTest">
        <test-method status="PASS" signature="setup()[pri:0, instance:com.kambaa.govt_environment.PagesTest.NGCPageTest@58ceff1]" name="setup" is-config="true" duration-ms="86447" started-at="2019-08-06T17:04:36Z" finished-at="2019-08-06T17:06:02Z">
          <reporter-output>
          </reporter-output>
        </test-method> <!-- setup -->
        <test-method status="PASS" signature="verifyNGC_Sublink()[pri:0, instance:com.kambaa.govt_environment.PagesTest.NGCPageTest@58ceff1]" name="verifyNGC_Sublink" duration-ms="35073" started-at="2019-08-06T17:06:02Z" finished-at="2019-08-06T17:06:37Z">
          <reporter-output>
          </reporter-output>
        </test-method> <!-- verifyNGC_Sublink -->
        <test-method status="PASS" signature="teardown()[pri:0, instance:com.kambaa.govt_environment.PagesTest.NGCPageTest@58ceff1]" name="teardown" is-config="true" duration-ms="1903" started-at="2019-08-06T17:06:37Z" finished-at="2019-08-06T17:06:39Z">
          <reporter-output>
          </reporter-output>
        </test-method> <!-- teardown -->
        <test-method status="PASS" signature="setup()[pri:0, instance:com.kambaa.govt_environment.PagesTest.NGCPageTest@58ceff1]" name="setup" is-config="true" duration-ms="68424" started-at="2019-08-06T17:06:39Z" finished-at="2019-08-06T17:07:48Z">
          <reporter-output>
          </reporter-output>
        </test-method> <!-- setup -->
        <test-method status="PASS" signature="verifyeco_clubslink()[pri:0, instance:com.kambaa.govt_environment.PagesTest.NGCPageTest@58ceff1]" name="verifyeco_clubslink" duration-ms="35228" started-at="2019-08-06T17:07:48Z" finished-at="2019-08-06T17:08:23Z">
          <reporter-output>
          </reporter-output>
        </test-method> <!-- verifyeco_clubslink -->
        <test-method status="PASS" signature="teardown()[pri:0, instance:com.kambaa.govt_environment.PagesTest.NGCPageTest@58ceff1]" name="teardown" is-config="true" duration-ms="186" started-at="2019-08-06T17:08:23Z" finished-at="2019-08-06T17:08:23Z">
          <reporter-output>
          </reporter-output>
        </test-method> <!-- teardown -->
      </class> <!-- com.kambaa.govt_environment.PagesTest.NGCPageTest -->
    </test> <!-- NGCPAGETEST -->
    <test name="ENVISPAGETEST" duration-ms="397636" started-at="2019-08-06T11:38:23Z" finished-at="2019-08-06T11:45:01Z">
      <class name="com.kambaa.govt_environment.PagesTest.ENVISPagesTest">
        <test-method status="PASS" signature="setup()[pri:0, instance:com.kambaa.govt_environment.PagesTest.ENVISPagesTest@3b6eb2ec]" name="setup" is-config="true" duration-ms="60660" started-at="2019-08-06T17:08:23Z" finished-at="2019-08-06T17:09:24Z">
          <reporter-output>
          </reporter-output>
        </test-method> <!-- setup -->
        <test-method status="PASS" signature="verifyAbout_ENVISlink()[pri:0, instance:com.kambaa.govt_environment.PagesTest.ENVISPagesTest@3b6eb2ec]" name="verifyAbout_ENVISlink" duration-ms="34921" started-at="2019-08-06T17:09:24Z" finished-at="2019-08-06T17:09:59Z">
          <reporter-output>
          </reporter-output>
        </test-method> <!-- verifyAbout_ENVISlink -->
        <test-method status="PASS" signature="teardown()[pri:0, instance:com.kambaa.govt_environment.PagesTest.ENVISPagesTest@3b6eb2ec]" name="teardown" is-config="true" duration-ms="1890" started-at="2019-08-06T17:09:59Z" finished-at="2019-08-06T17:10:01Z">
          <reporter-output>
          </reporter-output>
        </test-method> <!-- teardown -->
        <test-method status="PASS" signature="setup()[pri:0, instance:com.kambaa.govt_environment.PagesTest.ENVISPagesTest@3b6eb2ec]" name="setup" is-config="true" duration-ms="67206" started-at="2019-08-06T17:10:01Z" finished-at="2019-08-06T17:11:08Z">
          <reporter-output>
          </reporter-output>
        </test-method> <!-- setup -->
        <test-method status="PASS" signature="verifyGRIDlink()[pri:0, instance:com.kambaa.govt_environment.PagesTest.ENVISPagesTest@3b6eb2ec]" name="verifyGRIDlink" duration-ms="32212" started-at="2019-08-06T17:11:08Z" finished-at="2019-08-06T17:11:40Z">
          <reporter-output>
          </reporter-output>
        </test-method> <!-- verifyGRIDlink -->
        <test-method status="PASS" signature="teardown()[pri:0, instance:com.kambaa.govt_environment.PagesTest.ENVISPagesTest@3b6eb2ec]" name="teardown" is-config="true" duration-ms="3171" started-at="2019-08-06T17:11:40Z" finished-at="2019-08-06T17:11:43Z">
          <reporter-output>
          </reporter-output>
        </test-method> <!-- teardown -->
        <test-method status="PASS" signature="setup()[pri:0, instance:com.kambaa.govt_environment.PagesTest.ENVISPagesTest@3b6eb2ec]" name="setup" is-config="true" duration-ms="59979" started-at="2019-08-06T17:11:43Z" finished-at="2019-08-06T17:12:43Z">
          <reporter-output>
          </reporter-output>
        </test-method> <!-- setup -->
        <test-method status="PASS" signature="verifyGSDPlink()[pri:0, instance:com.kambaa.govt_environment.PagesTest.ENVISPagesTest@3b6eb2ec]" name="verifyGSDPlink" duration-ms="35333" started-at="2019-08-06T17:12:43Z" finished-at="2019-08-06T17:13:19Z">
          <reporter-output>
          </reporter-output>
        </test-method> <!-- verifyGSDPlink -->
        <test-method status="PASS" signature="teardown()[pri:0, instance:com.kambaa.govt_environment.PagesTest.ENVISPagesTest@3b6eb2ec]" name="teardown" is-config="true" duration-ms="1959" started-at="2019-08-06T17:13:19Z" finished-at="2019-08-06T17:13:21Z">
          <reporter-output>
          </reporter-output>
        </test-method> <!-- teardown -->
        <test-method status="PASS" signature="setup()[pri:0, instance:com.kambaa.govt_environment.PagesTest.ENVISPagesTest@3b6eb2ec]" name="setup" is-config="true" duration-ms="68059" started-at="2019-08-06T17:13:21Z" finished-at="2019-08-06T17:14:29Z">
          <reporter-output>
          </reporter-output>
        </test-method> <!-- setup -->
        <test-method status="PASS" signature="verifySOERlink()[pri:0, instance:com.kambaa.govt_environment.PagesTest.ENVISPagesTest@3b6eb2ec]" name="verifySOERlink" duration-ms="29584" started-at="2019-08-06T17:14:29Z" finished-at="2019-08-06T17:14:58Z">
          <reporter-output>
          </reporter-output>
        </test-method> <!-- verifySOERlink -->
        <test-method status="PASS" signature="teardown()[pri:0, instance:com.kambaa.govt_environment.PagesTest.ENVISPagesTest@3b6eb2ec]" name="teardown" is-config="true" duration-ms="2639" started-at="2019-08-06T17:14:58Z" finished-at="2019-08-06T17:15:01Z">
          <reporter-output>
          </reporter-output>
        </test-method> <!-- teardown -->
      </class> <!-- com.kambaa.govt_environment.PagesTest.ENVISPagesTest -->
    </test> <!-- ENVISPAGETEST -->
    <test name="SEIAAPAGETEST" duration-ms="95177" started-at="2019-08-06T11:45:01Z" finished-at="2019-08-06T11:46:36Z">
      <class name="com.kambaa.govt_environment.PagesTest.SEIAAPageTest">
        <test-method status="PASS" signature="setup()[pri:0, instance:com.kambaa.govt_environment.PagesTest.SEIAAPageTest@39ba5a14]" name="setup" is-config="true" duration-ms="62143" started-at="2019-08-06T17:15:01Z" finished-at="2019-08-06T17:16:03Z">
          <reporter-output>
          </reporter-output>
        </test-method> <!-- setup -->
        <test-method status="PASS" signature="verifyEnvironment_clearance()[pri:0, instance:com.kambaa.govt_environment.PagesTest.SEIAAPageTest@39ba5a14]" name="verifyEnvironment_clearance" duration-ms="32406" started-at="2019-08-06T17:16:03Z" finished-at="2019-08-06T17:16:36Z">
          <reporter-output>
          </reporter-output>
        </test-method> <!-- verifyEnvironment_clearance -->
        <test-method status="PASS" signature="teardown()[pri:0, instance:com.kambaa.govt_environment.PagesTest.SEIAAPageTest@39ba5a14]" name="teardown" is-config="true" duration-ms="623" started-at="2019-08-06T17:16:36Z" finished-at="2019-08-06T17:16:36Z">
          <reporter-output>
          </reporter-output>
        </test-method> <!-- teardown -->
      </class> <!-- com.kambaa.govt_environment.PagesTest.SEIAAPageTest -->
    </test> <!-- SEIAAPAGETEST -->
    <test name="Other_activitiesPAGETEST" duration-ms="94468" started-at="2019-08-06T11:46:36Z" finished-at="2019-08-06T11:48:11Z">
      <class name="com.kambaa.govt_environment.PagesTest.Other_activitiesPageTest">
        <test-method status="PASS" signature="setup()[pri:0, instance:com.kambaa.govt_environment.PagesTest.Other_activitiesPageTest@7e0ea639]" name="setup" is-config="true" duration-ms="65028" started-at="2019-08-06T17:16:36Z" finished-at="2019-08-06T17:17:41Z">
          <reporter-output>
          </reporter-output>
        </test-method> <!-- setup -->
        <test-method status="PASS" signature="verifyOther_Activitieslink()[pri:0, instance:com.kambaa.govt_environment.PagesTest.Other_activitiesPageTest@7e0ea639]" name="verifyOther_Activitieslink" duration-ms="28360" started-at="2019-08-06T17:17:41Z" finished-at="2019-08-06T17:18:10Z">
          <reporter-output>
          </reporter-output>
        </test-method> <!-- verifyOther_Activitieslink -->
        <test-method status="PASS" signature="teardown()[pri:0, instance:com.kambaa.govt_environment.PagesTest.Other_activitiesPageTest@7e0ea639]" name="teardown" is-config="true" duration-ms="1073" started-at="2019-08-06T17:18:10Z" finished-at="2019-08-06T17:18:11Z">
          <reporter-output>
          </reporter-output>
        </test-method> <!-- teardown -->
      </class> <!-- com.kambaa.govt_environment.PagesTest.Other_activitiesPageTest -->
    </test> <!-- Other_activitiesPAGETEST -->
    <test name="PublicationPAGETEST" duration-ms="610149" started-at="2019-08-06T11:48:11Z" finished-at="2019-08-06T11:58:21Z">
      <class name="com.kambaa.govt_environment.PagesTest.PublicationPageTest">
        <test-method status="PASS" signature="setup()[pri:0, instance:com.kambaa.govt_environment.PagesTest.PublicationPageTest@2812cbfa]" name="setup" is-config="true" duration-ms="62447" started-at="2019-08-06T17:18:11Z" finished-at="2019-08-06T17:19:13Z">
          <reporter-output>
          </reporter-output>
        </test-method> <!-- setup -->
        <test-method status="FAIL" signature="verifybookslink()[pri:0, instance:com.kambaa.govt_environment.PagesTest.PublicationPageTest@2812cbfa]" name="verifybookslink" duration-ms="130744" started-at="2019-08-06T17:19:13Z" finished-at="2019-08-06T17:21:24Z">
          <exception class="org.openqa.selenium.ElementNotInteractableException">
            <message>
              <![CDATA[element not interactable
  (Session info: chrome=76.0.3809.87)
Build info: version: '3.141.59', revision: 'e82be7d358', time: '2018-11-14T08:17:03'
System info: host: 'KI-DW-ANAND', ip: '192.168.2.19', os.name: 'Windows 10', os.arch: 'amd64', os.version: '10.0', java.version: '1.8.0_191'
Driver info: org.openqa.selenium.chrome.ChromeDriver
Capabilities {acceptInsecureCerts: false, browserName: chrome, browserVersion: 76.0.3809.87, chrome: {chromedriverVersion: 75.0.3770.8 (681f24ea911fe7..., userDataDir: C:\Users\kavya\AppData\Loca...}, goog:chromeOptions: {debuggerAddress: localhost:60289}, javascriptEnabled: true, networkConnectionEnabled: false, pageLoadStrategy: normal, platform: XP, platformName: XP, proxy: Proxy(), setWindowRect: true, strictFileInteractability: false, timeouts: {implicit: 0, pageLoad: 300000, script: 30000}, unhandledPromptBehavior: dismiss and notify}
Session ID: a0111d95845a62393dc86cd86d86b2ec]]>
            </message>
            <full-stacktrace>
              <![CDATA[org.openqa.selenium.ElementNotInteractableException: element not interactable
  (Session info: chrome=76.0.3809.87)
Build info: version: '3.141.59', revision: 'e82be7d358', time: '2018-11-14T08:17:03'
System info: host: 'KI-DW-ANAND', ip: '192.168.2.19', os.name: 'Windows 10', os.arch: 'amd64', os.version: '10.0', java.version: '1.8.0_191'
Driver info: org.openqa.selenium.chrome.ChromeDriver
Capabilities {acceptInsecureCerts: false, browserName: chrome, browserVersion: 76.0.3809.87, chrome: {chromedriverVersion: 75.0.3770.8 (681f24ea911fe7..., userDataDir: C:\Users\kavya\AppData\Loca...}, goog:chromeOptions: {debuggerAddress: localhost:60289}, javascriptEnabled: true, networkConnectionEnabled: false, pageLoadStrategy: normal, platform: XP, platformName: XP, proxy: Proxy(), setWindowRect: true, strictFileInteractability: false, timeouts: {implicit: 0, pageLoad: 300000, script: 30000}, unhandledPromptBehavior: dismiss and notify}
Session ID: a0111d95845a62393dc86cd86d86b2ec
	at sun.reflect.NativeConstructorAccessorImpl.newInstance0(Native Method)
	at sun.reflect.NativeConstructorAccessorImpl.newInstance(NativeConstructorAccessorImpl.java:62)
	at sun.reflect.DelegatingConstructorAccessorImpl.newInstance(DelegatingConstructorAccessorImpl.java:45)
	at java.lang.reflect.Constructor.newInstance(Constructor.java:423)
	at org.openqa.selenium.remote.http.W3CHttpResponseCodec.createException(W3CHttpResponseCodec.java:187)
	at org.openqa.selenium.remote.http.W3CHttpResponseCodec.decode(W3CHttpResponseCodec.java:122)
	at org.openqa.selenium.remote.http.W3CHttpResponseCodec.decode(W3CHttpResponseCodec.java:49)
	at org.openqa.selenium.remote.HttpCommandExecutor.execute(HttpCommandExecutor.java:158)
	at org.openqa.selenium.remote.service.DriverCommandExecutor.execute(DriverCommandExecutor.java:83)
	at org.openqa.selenium.remote.RemoteWebDriver.execute(RemoteWebDriver.java:552)
	at org.openqa.selenium.remote.RemoteWebElement.execute(RemoteWebElement.java:285)
	at org.openqa.selenium.remote.RemoteWebElement.click(RemoteWebElement.java:84)
	at sun.reflect.GeneratedMethodAccessor1.invoke(Unknown Source)
	at sun.reflect.DelegatingMethodAccessorImpl.invoke(DelegatingMethodAccessorImpl.java:43)
	at java.lang.reflect.Method.invoke(Method.java:498)
	at org.openqa.selenium.support.pagefactory.internal.LocatingElementHandler.invoke(LocatingElementHandler.java:51)
	at com.sun.proxy.$Proxy8.click(Unknown Source)
	at com.kambaa.govt_environment.Pages.Publication_Pages.validatebookslink(Publication_Pages.java:34)
	at com.kambaa.govt_environment.PagesTest.PublicationPageTest.verifybookslink(PublicationPageTest.java:38)
	at sun.reflect.NativeMethodAccessorImpl.invoke0(Native Method)
	at sun.reflect.NativeMethodAccessorImpl.invoke(NativeMethodAccessorImpl.java:62)
	at sun.reflect.DelegatingMethodAccessorImpl.invoke(DelegatingMethodAccessorImpl.java:43)
	at java.lang.reflect.Method.invoke(Method.java:498)
	at org.testng.internal.MethodInvocationHelper.invokeMethod(MethodInvocationHelper.java:86)
	at org.testng.internal.Invoker.invokeMethod(Invoker.java:645)
	at org.testng.internal.Invoker.invokeTestMethod(Invoker.java:822)
	at org.testng.internal.Invoker.invokeTestMethods(Invoker.java:1130)
	at org.testng.internal.TestMethodWorker.invokeTestMethods(TestMethodWorker.java:129)
	at org.testng.internal.TestMethodWorker.run(TestMethodWorker.java:112)
	at java.util.concurrent.ThreadPoolExecutor.runWorker(ThreadPoolExecutor.java:1149)
	at java.util.concurrent.ThreadPoolExecutor$Worker.run(ThreadPoolExecutor.java:624)
	at java.lang.Thread.run(Thread.java:748)
]]>
            </full-stacktrace>
          </exception> <!-- org.openqa.selenium.ElementNotInteractableException -->
          <reporter-output>
          </reporter-output>
        </test-method> <!-- verifybookslink -->
        <test-method status="PASS" signature="teardown()[pri:0, instance:com.kambaa.govt_environment.PagesTest.PublicationPageTest@2812cbfa]" name="teardown" is-config="true" duration-ms="1056" started-at="2019-08-06T17:21:24Z" finished-at="2019-08-06T17:21:25Z">
          <reporter-output>
          </reporter-output>
        </test-method> <!-- teardown -->
        <test-method status="PASS" signature="setup()[pri:0, instance:com.kambaa.govt_environment.PagesTest.PublicationPageTest@2812cbfa]" name="setup" is-config="true" duration-ms="63495" started-at="2019-08-06T17:21:25Z" finished-at="2019-08-06T17:22:28Z">
          <reporter-output>
          </reporter-output>
        </test-method> <!-- setup -->
        <test-method status="FAIL" signature="verifyposterlink()[pri:0, instance:com.kambaa.govt_environment.PagesTest.PublicationPageTest@2812cbfa]" name="verifyposterlink" duration-ms="133190" started-at="2019-08-06T17:22:28Z" finished-at="2019-08-06T17:24:42Z">
          <exception class="org.openqa.selenium.ElementNotInteractableException">
            <message>
              <![CDATA[element not interactable
  (Session info: chrome=76.0.3809.87)
Build info: version: '3.141.59', revision: 'e82be7d358', time: '2018-11-14T08:17:03'
System info: host: 'KI-DW-ANAND', ip: '192.168.2.19', os.name: 'Windows 10', os.arch: 'amd64', os.version: '10.0', java.version: '1.8.0_191'
Driver info: org.openqa.selenium.chrome.ChromeDriver
Capabilities {acceptInsecureCerts: false, browserName: chrome, browserVersion: 76.0.3809.87, chrome: {chromedriverVersion: 75.0.3770.8 (681f24ea911fe7..., userDataDir: C:\Users\kavya\AppData\Loca...}, goog:chromeOptions: {debuggerAddress: localhost:60658}, javascriptEnabled: true, networkConnectionEnabled: false, pageLoadStrategy: normal, platform: XP, platformName: XP, proxy: Proxy(), setWindowRect: true, strictFileInteractability: false, timeouts: {implicit: 0, pageLoad: 300000, script: 30000}, unhandledPromptBehavior: dismiss and notify}
Session ID: 523afcbc5537613899ad3c0146b12847]]>
            </message>
            <full-stacktrace>
              <![CDATA[org.openqa.selenium.ElementNotInteractableException: element not interactable
  (Session info: chrome=76.0.3809.87)
Build info: version: '3.141.59', revision: 'e82be7d358', time: '2018-11-14T08:17:03'
System info: host: 'KI-DW-ANAND', ip: '192.168.2.19', os.name: 'Windows 10', os.arch: 'amd64', os.version: '10.0', java.version: '1.8.0_191'
Driver info: org.openqa.selenium.chrome.ChromeDriver
Capabilities {acceptInsecureCerts: false, browserName: chrome, browserVersion: 76.0.3809.87, chrome: {chromedriverVersion: 75.0.3770.8 (681f24ea911fe7..., userDataDir: C:\Users\kavya\AppData\Loca...}, goog:chromeOptions: {debuggerAddress: localhost:60658}, javascriptEnabled: true, networkConnectionEnabled: false, pageLoadStrategy: normal, platform: XP, platformName: XP, proxy: Proxy(), setWindowRect: true, strictFileInteractability: false, timeouts: {implicit: 0, pageLoad: 300000, script: 30000}, unhandledPromptBehavior: dismiss and notify}
Session ID: 523afcbc5537613899ad3c0146b12847
	at sun.reflect.NativeConstructorAccessorImpl.newInstance0(Native Method)
	at sun.reflect.NativeConstructorAccessorImpl.newInstance(NativeConstructorAccessorImpl.java:62)
	at sun.reflect.DelegatingConstructorAccessorImpl.newInstance(DelegatingConstructorAccessorImpl.java:45)
	at java.lang.reflect.Constructor.newInstance(Constructor.java:423)
	at org.openqa.selenium.remote.http.W3CHttpResponseCodec.createException(W3CHttpResponseCodec.java:187)
	at org.openqa.selenium.remote.http.W3CHttpResponseCodec.decode(W3CHttpResponseCodec.java:122)
	at org.openqa.selenium.remote.http.W3CHttpResponseCodec.decode(W3CHttpResponseCodec.java:49)
	at org.openqa.selenium.remote.HttpCommandExecutor.execute(HttpCommandExecutor.java:158)
	at org.openqa.selenium.remote.service.DriverCommandExecutor.execute(DriverCommandExecutor.java:83)
	at org.openqa.selenium.remote.RemoteWebDriver.execute(RemoteWebDriver.java:552)
	at org.openqa.selenium.remote.RemoteWebElement.execute(RemoteWebElement.java:285)
	at org.openqa.selenium.remote.RemoteWebElement.click(RemoteWebElement.java:84)
	at sun.reflect.GeneratedMethodAccessor1.invoke(Unknown Source)
	at sun.reflect.DelegatingMethodAccessorImpl.invoke(DelegatingMethodAccessorImpl.java:43)
	at java.lang.reflect.Method.invoke(Method.java:498)
	at org.openqa.selenium.support.pagefactory.internal.LocatingElementHandler.invoke(LocatingElementHandler.java:51)
	at com.sun.proxy.$Proxy8.click(Unknown Source)
	at com.kambaa.govt_environment.Pages.Publication_Pages.validateposterlink(Publication_Pages.java:30)
	at com.kambaa.govt_environment.PagesTest.PublicationPageTest.verifyposterlink(PublicationPageTest.java:31)
	at sun.reflect.NativeMethodAccessorImpl.invoke0(Native Method)
	at sun.reflect.NativeMethodAccessorImpl.invoke(NativeMethodAccessorImpl.java:62)
	at sun.reflect.DelegatingMethodAccessorImpl.invoke(DelegatingMethodAccessorImpl.java:43)
	at java.lang.reflect.Method.invoke(Method.java:498)
	at org.testng.internal.MethodInvocationHelper.invokeMethod(MethodInvocationHelper.java:86)
	at org.testng.internal.Invoker.invokeMethod(Invoker.java:645)
	at org.testng.internal.Invoker.invokeTestMethod(Invoker.java:822)
	at org.testng.internal.Invoker.invokeTestMethods(Invoker.java:1130)
	at org.testng.internal.TestMethodWorker.invokeTestMethods(TestMethodWorker.java:129)
	at org.testng.internal.TestMethodWorker.run(TestMethodWorker.java:112)
	at java.util.concurrent.ThreadPoolExecutor.runWorker(ThreadPoolExecutor.java:1149)
	at java.util.concurrent.ThreadPoolExecutor$Worker.run(ThreadPoolExecutor.java:624)
	at java.lang.Thread.run(Thread.java:748)
]]>
            </full-stacktrace>
          </exception> <!-- org.openqa.selenium.ElementNotInteractableException -->
          <reporter-output>
          </reporter-output>
        </test-method> <!-- verifyposterlink -->
        <test-method status="PASS" signature="teardown()[pri:0, instance:com.kambaa.govt_environment.PagesTest.PublicationPageTest@2812cbfa]" name="teardown" is-config="true" duration-ms="2935" started-at="2019-08-06T17:24:42Z" finished-at="2019-08-06T17:24:45Z">
          <reporter-output>
          </reporter-output>
        </test-method> <!-- teardown -->
        <test-method status="PASS" signature="setup()[pri:0, instance:com.kambaa.govt_environment.PagesTest.PublicationPageTest@2812cbfa]" name="setup" is-config="true" duration-ms="83367" started-at="2019-08-06T17:24:45Z" finished-at="2019-08-06T17:26:08Z">
          <reporter-output>
          </reporter-output>
        </test-method> <!-- setup -->
        <test-method status="FAIL" signature="verifyreportslink()[pri:0, instance:com.kambaa.govt_environment.PagesTest.PublicationPageTest@2812cbfa]" name="verifyreportslink" duration-ms="132248" started-at="2019-08-06T17:26:08Z" finished-at="2019-08-06T17:28:20Z">
          <exception class="org.openqa.selenium.ElementNotInteractableException">
            <message>
              <![CDATA[element not interactable
  (Session info: chrome=76.0.3809.87)
Build info: version: '3.141.59', revision: 'e82be7d358', time: '2018-11-14T08:17:03'
System info: host: 'KI-DW-ANAND', ip: '192.168.2.19', os.name: 'Windows 10', os.arch: 'amd64', os.version: '10.0', java.version: '1.8.0_191'
Driver info: org.openqa.selenium.chrome.ChromeDriver
Capabilities {acceptInsecureCerts: false, browserName: chrome, browserVersion: 76.0.3809.87, chrome: {chromedriverVersion: 75.0.3770.8 (681f24ea911fe7..., userDataDir: C:\Users\kavya\AppData\Loca...}, goog:chromeOptions: {debuggerAddress: localhost:61009}, javascriptEnabled: true, networkConnectionEnabled: false, pageLoadStrategy: normal, platform: XP, platformName: XP, proxy: Proxy(), setWindowRect: true, strictFileInteractability: false, timeouts: {implicit: 0, pageLoad: 300000, script: 30000}, unhandledPromptBehavior: dismiss and notify}
Session ID: 8503bf926c146576b0d9ce00da4cf018]]>
            </message>
            <full-stacktrace>
              <![CDATA[org.openqa.selenium.ElementNotInteractableException: element not interactable
  (Session info: chrome=76.0.3809.87)
Build info: version: '3.141.59', revision: 'e82be7d358', time: '2018-11-14T08:17:03'
System info: host: 'KI-DW-ANAND', ip: '192.168.2.19', os.name: 'Windows 10', os.arch: 'amd64', os.version: '10.0', java.version: '1.8.0_191'
Driver info: org.openqa.selenium.chrome.ChromeDriver
Capabilities {acceptInsecureCerts: false, browserName: chrome, browserVersion: 76.0.3809.87, chrome: {chromedriverVersion: 75.0.3770.8 (681f24ea911fe7..., userDataDir: C:\Users\kavya\AppData\Loca...}, goog:chromeOptions: {debuggerAddress: localhost:61009}, javascriptEnabled: true, networkConnectionEnabled: false, pageLoadStrategy: normal, platform: XP, platformName: XP, proxy: Proxy(), setWindowRect: true, strictFileInteractability: false, timeouts: {implicit: 0, pageLoad: 300000, script: 30000}, unhandledPromptBehavior: dismiss and notify}
Session ID: 8503bf926c146576b0d9ce00da4cf018
	at sun.reflect.NativeConstructorAccessorImpl.newInstance0(Native Method)
	at sun.reflect.NativeConstructorAccessorImpl.newInstance(NativeConstructorAccessorImpl.java:62)
	at sun.reflect.DelegatingConstructorAccessorImpl.newInstance(DelegatingConstructorAccessorImpl.java:45)
	at java.lang.reflect.Constructor.newInstance(Constructor.java:423)
	at org.openqa.selenium.remote.http.W3CHttpResponseCodec.createException(W3CHttpResponseCodec.java:187)
	at org.openqa.selenium.remote.http.W3CHttpResponseCodec.decode(W3CHttpResponseCodec.java:122)
	at org.openqa.selenium.remote.http.W3CHttpResponseCodec.decode(W3CHttpResponseCodec.java:49)
	at org.openqa.selenium.remote.HttpCommandExecutor.execute(HttpCommandExecutor.java:158)
	at org.openqa.selenium.remote.service.DriverCommandExecutor.execute(DriverCommandExecutor.java:83)
	at org.openqa.selenium.remote.RemoteWebDriver.execute(RemoteWebDriver.java:552)
	at org.openqa.selenium.remote.RemoteWebElement.execute(RemoteWebElement.java:285)
	at org.openqa.selenium.remote.RemoteWebElement.click(RemoteWebElement.java:84)
	at sun.reflect.GeneratedMethodAccessor1.invoke(Unknown Source)
	at sun.reflect.DelegatingMethodAccessorImpl.invoke(DelegatingMethodAccessorImpl.java:43)
	at java.lang.reflect.Method.invoke(Method.java:498)
	at org.openqa.selenium.support.pagefactory.internal.LocatingElementHandler.invoke(LocatingElementHandler.java:51)
	at com.sun.proxy.$Proxy8.click(Unknown Source)
	at com.kambaa.govt_environment.Pages.Publication_Pages.validatereportslink(Publication_Pages.java:26)
	at com.kambaa.govt_environment.PagesTest.PublicationPageTest.verifyreportslink(PublicationPageTest.java:24)
	at sun.reflect.NativeMethodAccessorImpl.invoke0(Native Method)
	at sun.reflect.NativeMethodAccessorImpl.invoke(NativeMethodAccessorImpl.java:62)
	at sun.reflect.DelegatingMethodAccessorImpl.invoke(DelegatingMethodAccessorImpl.java:43)
	at java.lang.reflect.Method.invoke(Method.java:498)
	at org.testng.internal.MethodInvocationHelper.invokeMethod(MethodInvocationHelper.java:86)
	at org.testng.internal.Invoker.invokeMethod(Invoker.java:645)
	at org.testng.internal.Invoker.invokeTestMethod(Invoker.java:822)
	at org.testng.internal.Invoker.invokeTestMethods(Invoker.java:1130)
	at org.testng.internal.TestMethodWorker.invokeTestMethods(TestMethodWorker.java:129)
	at org.testng.internal.TestMethodWorker.run(TestMethodWorker.java:112)
	at java.util.concurrent.ThreadPoolExecutor.runWorker(ThreadPoolExecutor.java:1149)
	at java.util.concurrent.ThreadPoolExecutor$Worker.run(ThreadPoolExecutor.java:624)
	at java.lang.Thread.run(Thread.java:748)
]]>
            </full-stacktrace>
          </exception> <!-- org.openqa.selenium.ElementNotInteractableException -->
          <reporter-output>
          </reporter-output>
        </test-method> <!-- verifyreportslink -->
        <test-method status="PASS" signature="teardown()[pri:0, instance:com.kambaa.govt_environment.PagesTest.PublicationPageTest@2812cbfa]" name="teardown" is-config="true" duration-ms="607" started-at="2019-08-06T17:28:20Z" finished-at="2019-08-06T17:28:21Z">
          <reporter-output>
          </reporter-output>
        </test-method> <!-- teardown -->
      </class> <!-- com.kambaa.govt_environment.PagesTest.PublicationPageTest -->
    </test> <!-- PublicationPAGETEST -->
  </suite> <!-- GOVERNMENT_ENVIRONMENT_PROJECT -->
</testng-results>
